[ERROR] 2021-01-04 12:01:41.610 [main] | [o.s.b.d.LoggingFailureAnalysisReporter.report:40] 

***************************
APPLICATION FAILED TO START
***************************

Description:

Parameter 0 of constructor in cn.com.wlz.xzs.configuration.spring.security.SecurityConfigurer$FormLoginWebSecurityConfigurerAdapter required a bean of type 'cn.com.wlz.xzs.configuration.property.SystemConfig' that could not be found.


Action:

Consider defining a bean of type 'cn.com.wlz.xzs.configuration.property.SystemConfig' in your configuration.

[ERROR] 2021-01-04 12:06:46.937 [main] | [o.s.b.d.LoggingFailureAnalysisReporter.report:40] 

***************************
APPLICATION FAILED TO START
***************************

Description:

Parameter 0 of constructor in cn.com.wlz.xzs.configuration.spring.security.SecurityConfigurer$FormLoginWebSecurityConfigurerAdapter required a bean of type 'cn.com.wlz.xzs.configuration.property.SystemConfig' that could not be found.


Action:

Consider defining a bean of type 'cn.com.wlz.xzs.configuration.property.SystemConfig' in your configuration.

[ERROR] 2021-01-04 12:07:31.284 [main] | [o.s.b.d.LoggingFailureAnalysisReporter.report:40] 

***************************
APPLICATION FAILED TO START
***************************

Description:

Parameter 0 of constructor in cn.com.wlz.xzs.configuration.spring.security.SecurityConfigurer$FormLoginWebSecurityConfigurerAdapter required a bean of type 'cn.com.wlz.xzs.configuration.property.SystemConfig' that could not be found.


Action:

Consider defining a bean of type 'cn.com.wlz.xzs.configuration.property.SystemConfig' in your configuration.

[ERROR] 2021-01-04 13:38:40.858 [main] | [o.s.b.d.LoggingFailureAnalysisReporter.report:40] 

***************************
APPLICATION FAILED TO START
***************************

Description:

Parameter 0 of constructor in cn.com.wlz.xzs.configuration.spring.security.SecurityConfigurer$FormLoginWebSecurityConfigurerAdapter required a bean of type 'cn.com.wlz.xzs.configuration.property.SystemConfig' that could not be found.


Action:

Consider defining a bean of type 'cn.com.wlz.xzs.configuration.property.SystemConfig' in your configuration.

[ERROR] 2021-01-04 13:39:22.638 [main] | [o.s.b.d.LoggingFailureAnalysisReporter.report:40] 

***************************
APPLICATION FAILED TO START
***************************

Description:

Parameter 0 of constructor in cn.com.wlz.xzs.configuration.spring.wx.TokenHandlerInterceptor required a bean of type 'cn.com.wlz.xzs.service.UserTokenService' that could not be found.


Action:

Consider defining a bean of type 'cn.com.wlz.xzs.service.UserTokenService' in your configuration.

[ERROR] 2021-01-04 13:39:45.228 [main] | [o.s.b.d.LoggingFailureAnalysisReporter.report:40] 

***************************
APPLICATION FAILED TO START
***************************

Description:

Parameter 0 of constructor in cn.com.wlz.xzs.configuration.spring.wx.TokenHandlerInterceptor required a bean of type 'cn.com.wlz.xzs.service.UserTokenService' that could not be found.


Action:

Consider defining a bean of type 'cn.com.wlz.xzs.service.UserTokenService' in your configuration.

[ERROR] 2021-01-04 13:53:44.005 [main] | [o.s.boot.SpringApplication.reportFailure:821] Application run failed
org.springframework.beans.factory.BeanCreationException: Error creating bean with name 'requestMappingHandlerMapping' defined in class path resource [cn/com/wlz/xzs/configuration/spring/mvc/WebMvcConfiguration.class]: Bean instantiation via factory method failed; nested exception is org.springframework.beans.BeanInstantiationException: Failed to instantiate [org.springframework.web.servlet.mvc.method.annotation.RequestMappingHandlerMapping]: Factory method 'requestMappingHandlerMapping' threw exception; nested exception is java.lang.NullPointerException
	at org.springframework.beans.factory.support.ConstructorResolver.instantiate(ConstructorResolver.java:627)
	at org.springframework.beans.factory.support.ConstructorResolver.instantiateUsingFactoryMethod(ConstructorResolver.java:456)
	at org.springframework.beans.factory.support.AbstractAutowireCapableBeanFactory.instantiateUsingFactoryMethod(AbstractAutowireCapableBeanFactory.java:1321)
	at org.springframework.beans.factory.support.AbstractAutowireCapableBeanFactory.createBeanInstance(AbstractAutowireCapableBeanFactory.java:1160)
	at org.springframework.beans.factory.support.AbstractAutowireCapableBeanFactory.doCreateBean(AbstractAutowireCapableBeanFactory.java:555)
	at org.springframework.beans.factory.support.AbstractAutowireCapableBeanFactory.createBean(AbstractAutowireCapableBeanFactory.java:515)
	at org.springframework.beans.factory.support.AbstractBeanFactory.lambda$doGetBean$0(AbstractBeanFactory.java:320)
	at org.springframework.beans.factory.support.DefaultSingletonBeanRegistry.getSingleton(DefaultSingletonBeanRegistry.java:222)
	at org.springframework.beans.factory.support.AbstractBeanFactory.doGetBean(AbstractBeanFactory.java:318)
	at org.springframework.beans.factory.support.AbstractBeanFactory.getBean(AbstractBeanFactory.java:199)
	at org.springframework.beans.factory.support.DefaultListableBeanFactory.preInstantiateSingletons(DefaultListableBeanFactory.java:845)
	at org.springframework.context.support.AbstractApplicationContext.finishBeanFactoryInitialization(AbstractApplicationContext.java:877)
	at org.springframework.context.support.AbstractApplicationContext.refresh(AbstractApplicationContext.java:549)
	at org.springframework.boot.web.servlet.context.ServletWebServerApplicationContext.refresh(ServletWebServerApplicationContext.java:140)
	at org.springframework.boot.SpringApplication.refresh(SpringApplication.java:742)
	at org.springframework.boot.SpringApplication.refreshContext(SpringApplication.java:389)
	at org.springframework.boot.SpringApplication.run(SpringApplication.java:311)
	at org.springframework.boot.SpringApplication.run(SpringApplication.java:1213)
	at org.springframework.boot.SpringApplication.run(SpringApplication.java:1202)
	at cn.com.wlz.xzs.LearnANDWantApplication.main(LearnANDWantApplication.java:19)
Caused by: org.springframework.beans.BeanInstantiationException: Failed to instantiate [org.springframework.web.servlet.mvc.method.annotation.RequestMappingHandlerMapping]: Factory method 'requestMappingHandlerMapping' threw exception; nested exception is java.lang.NullPointerException
	at org.springframework.beans.factory.support.SimpleInstantiationStrategy.instantiate(SimpleInstantiationStrategy.java:185)
	at org.springframework.beans.factory.support.ConstructorResolver.instantiate(ConstructorResolver.java:622)
	... 19 common frames omitted
Caused by: java.lang.NullPointerException: null
	at cn.com.wlz.xzs.configuration.spring.mvc.WebMvcConfiguration.addInterceptors(WebMvcConfiguration.java:39)
	at org.springframework.web.servlet.config.annotation.WebMvcConfigurationSupport.getInterceptors(WebMvcConfigurationSupport.java:329)
	at org.springframework.web.servlet.config.annotation.WebMvcConfigurationSupport.requestMappingHandlerMapping(WebMvcConfigurationSupport.java:277)
	at cn.com.wlz.xzs.configuration.spring.mvc.WebMvcConfiguration$$EnhancerBySpringCGLIB$$f3b39995.CGLIB$requestMappingHandlerMapping$30(<generated>)
	at cn.com.wlz.xzs.configuration.spring.mvc.WebMvcConfiguration$$EnhancerBySpringCGLIB$$f3b39995$$FastClassBySpringCGLIB$$34d19e4a.invoke(<generated>)
	at org.springframework.cglib.proxy.MethodProxy.invokeSuper(MethodProxy.java:244)
	at org.springframework.context.annotation.ConfigurationClassEnhancer$BeanMethodInterceptor.intercept(ConfigurationClassEnhancer.java:363)
	at cn.com.wlz.xzs.configuration.spring.mvc.WebMvcConfiguration$$EnhancerBySpringCGLIB$$f3b39995.requestMappingHandlerMapping(<generated>)
	at sun.reflect.NativeMethodAccessorImpl.invoke0(Native Method)
	at sun.reflect.NativeMethodAccessorImpl.invoke(NativeMethodAccessorImpl.java:62)
	at sun.reflect.DelegatingMethodAccessorImpl.invoke(DelegatingMethodAccessorImpl.java:43)
	at java.lang.reflect.Method.invoke(Method.java:498)
	at org.springframework.beans.factory.support.SimpleInstantiationStrategy.instantiate(SimpleInstantiationStrategy.java:154)
	... 20 common frames omitted
[ERROR] 2021-01-04 13:56:00.586 [main] | [o.s.boot.SpringApplication.reportFailure:821] Application run failed
org.springframework.beans.factory.BeanCreationException: Error creating bean with name 'requestMappingHandlerMapping' defined in class path resource [cn/com/wlz/xzs/configuration/spring/mvc/WebMvcConfiguration.class]: Bean instantiation via factory method failed; nested exception is org.springframework.beans.BeanInstantiationException: Failed to instantiate [org.springframework.web.servlet.mvc.method.annotation.RequestMappingHandlerMapping]: Factory method 'requestMappingHandlerMapping' threw exception; nested exception is java.lang.NullPointerException
	at org.springframework.beans.factory.support.ConstructorResolver.instantiate(ConstructorResolver.java:627)
	at org.springframework.beans.factory.support.ConstructorResolver.instantiateUsingFactoryMethod(ConstructorResolver.java:456)
	at org.springframework.beans.factory.support.AbstractAutowireCapableBeanFactory.instantiateUsingFactoryMethod(AbstractAutowireCapableBeanFactory.java:1321)
	at org.springframework.beans.factory.support.AbstractAutowireCapableBeanFactory.createBeanInstance(AbstractAutowireCapableBeanFactory.java:1160)
	at org.springframework.beans.factory.support.AbstractAutowireCapableBeanFactory.doCreateBean(AbstractAutowireCapableBeanFactory.java:555)
	at org.springframework.beans.factory.support.AbstractAutowireCapableBeanFactory.createBean(AbstractAutowireCapableBeanFactory.java:515)
	at org.springframework.beans.factory.support.AbstractBeanFactory.lambda$doGetBean$0(AbstractBeanFactory.java:320)
	at org.springframework.beans.factory.support.DefaultSingletonBeanRegistry.getSingleton(DefaultSingletonBeanRegistry.java:222)
	at org.springframework.beans.factory.support.AbstractBeanFactory.doGetBean(AbstractBeanFactory.java:318)
	at org.springframework.beans.factory.support.AbstractBeanFactory.getBean(AbstractBeanFactory.java:199)
	at org.springframework.beans.factory.support.DefaultListableBeanFactory.preInstantiateSingletons(DefaultListableBeanFactory.java:845)
	at org.springframework.context.support.AbstractApplicationContext.finishBeanFactoryInitialization(AbstractApplicationContext.java:877)
	at org.springframework.context.support.AbstractApplicationContext.refresh(AbstractApplicationContext.java:549)
	at org.springframework.boot.web.servlet.context.ServletWebServerApplicationContext.refresh(ServletWebServerApplicationContext.java:140)
	at org.springframework.boot.SpringApplication.refresh(SpringApplication.java:742)
	at org.springframework.boot.SpringApplication.refreshContext(SpringApplication.java:389)
	at org.springframework.boot.SpringApplication.run(SpringApplication.java:311)
	at org.springframework.boot.SpringApplication.run(SpringApplication.java:1213)
	at org.springframework.boot.SpringApplication.run(SpringApplication.java:1202)
	at cn.com.wlz.xzs.LearnANDWantApplication.main(LearnANDWantApplication.java:19)
Caused by: org.springframework.beans.BeanInstantiationException: Failed to instantiate [org.springframework.web.servlet.mvc.method.annotation.RequestMappingHandlerMapping]: Factory method 'requestMappingHandlerMapping' threw exception; nested exception is java.lang.NullPointerException
	at org.springframework.beans.factory.support.SimpleInstantiationStrategy.instantiate(SimpleInstantiationStrategy.java:185)
	at org.springframework.beans.factory.support.ConstructorResolver.instantiate(ConstructorResolver.java:622)
	... 19 common frames omitted
Caused by: java.lang.NullPointerException: null
	at cn.com.wlz.xzs.configuration.spring.mvc.WebMvcConfiguration.addInterceptors(WebMvcConfiguration.java:39)
	at org.springframework.web.servlet.config.annotation.WebMvcConfigurationSupport.getInterceptors(WebMvcConfigurationSupport.java:329)
	at org.springframework.web.servlet.config.annotation.WebMvcConfigurationSupport.requestMappingHandlerMapping(WebMvcConfigurationSupport.java:277)
	at cn.com.wlz.xzs.configuration.spring.mvc.WebMvcConfiguration$$EnhancerBySpringCGLIB$$648a3983.CGLIB$requestMappingHandlerMapping$17(<generated>)
	at cn.com.wlz.xzs.configuration.spring.mvc.WebMvcConfiguration$$EnhancerBySpringCGLIB$$648a3983$$FastClassBySpringCGLIB$$aa596478.invoke(<generated>)
	at org.springframework.cglib.proxy.MethodProxy.invokeSuper(MethodProxy.java:244)
	at org.springframework.context.annotation.ConfigurationClassEnhancer$BeanMethodInterceptor.intercept(ConfigurationClassEnhancer.java:363)
	at cn.com.wlz.xzs.configuration.spring.mvc.WebMvcConfiguration$$EnhancerBySpringCGLIB$$648a3983.requestMappingHandlerMapping(<generated>)
	at sun.reflect.NativeMethodAccessorImpl.invoke0(Native Method)
	at sun.reflect.NativeMethodAccessorImpl.invoke(NativeMethodAccessorImpl.java:62)
	at sun.reflect.DelegatingMethodAccessorImpl.invoke(DelegatingMethodAccessorImpl.java:43)
	at java.lang.reflect.Method.invoke(Method.java:498)
	at org.springframework.beans.factory.support.SimpleInstantiationStrategy.instantiate(SimpleInstantiationStrategy.java:154)
	... 20 common frames omitted
