[INFO ] 2021-01-04 10:42:05.195 [main] | [c.c.wlz.xzs.LearnANDWantApplication.logStarting:50] Starting LearnANDWantApplication on DESKTOP-S9KTEIQ with PID 6548 (D:\itcast\WorkSpace\xzs\target\classes started by issuser in D:\itcast\WorkSpace\xzs)
[INFO ] 2021-01-04 10:42:05.222 [main] | [c.c.wlz.xzs.LearnANDWantApplication.logStartupProfileInfo:650] The following profiles are active: dev
[INFO ] 2021-01-04 10:42:08.279 [main] | [o.s.d.r.c.RepositoryConfigurationDelegate.multipleStoresDetected:244] Multiple Spring Data modules found, entering strict repository configuration mode!
[INFO ] 2021-01-04 10:42:08.283 [main] | [o.s.d.r.c.RepositoryConfigurationDelegate.registerRepositoriesIn:126] Bootstrapping Spring Data repositories in DEFAULT mode.
[INFO ] 2021-01-04 10:42:08.324 [main] | [o.s.d.r.c.RepositoryConfigurationDelegate.registerRepositoriesIn:182] Finished Spring Data repository scanning in 11ms. Found 0 repository interfaces.
[WARN ] 2021-01-04 10:42:08.729 [main] | [o.m.s.mapper.ClassPathMapperScanner.warn:44] No MyBatis mapper was found in '[cn.com.wlz.xzs]' package. Please check your configuration.
[INFO ] 2021-01-04 10:42:09.551 [main] | [o.s.c.s.PostProcessorRegistrationDelegate$BeanPostProcessorChecker.postProcessAfterInitialization:330] Bean 'org.springframework.transaction.annotation.ProxyTransactionManagementConfiguration' of type [org.springframework.transaction.annotation.ProxyTransactionManagementConfiguration$$EnhancerBySpringCGLIB$$c6039ccc] is not eligible for getting processed by all BeanPostProcessors (for example: not eligible for auto-proxying)
[INFO ] 2021-01-04 10:42:09.608 [main] | [o.s.c.s.PostProcessorRegistrationDelegate$BeanPostProcessorChecker.postProcessAfterInitialization:330] Bean 'spring.datasource.dynamic-com.baomidou.dynamic.datasource.spring.boot.autoconfigure.DynamicDataSourceProperties' of type [com.baomidou.dynamic.datasource.spring.boot.autoconfigure.DynamicDataSourceProperties] is not eligible for getting processed by all BeanPostProcessors (for example: not eligible for auto-proxying)
[INFO ] 2021-01-04 10:42:09.612 [main] | [o.s.c.s.PostProcessorRegistrationDelegate$BeanPostProcessorChecker.postProcessAfterInitialization:330] Bean 'com.baomidou.dynamic.datasource.spring.boot.autoconfigure.DynamicDataSourceAutoConfiguration' of type [com.baomidou.dynamic.datasource.spring.boot.autoconfigure.DynamicDataSourceAutoConfiguration$$EnhancerBySpringCGLIB$$2f920d9d] is not eligible for getting processed by all BeanPostProcessors (for example: not eligible for auto-proxying)
[INFO ] 2021-01-04 10:42:09.621 [main] | [o.s.c.s.PostProcessorRegistrationDelegate$BeanPostProcessorChecker.postProcessAfterInitialization:330] Bean 'dsProcessor' of type [com.baomidou.dynamic.datasource.processor.DsHeaderProcessor] is not eligible for getting processed by all BeanPostProcessors (for example: not eligible for auto-proxying)
[WARN ] 2021-01-04 10:42:10.100 [main] | [io.undertow.websockets.jsr.handleDeployment:68] UT026010: Buffer pool was not set on WebSocketDeploymentInfo, the default pool will be used
[INFO ] 2021-01-04 10:42:10.256 [main] | [io.undertow.servlet.log:364] Initializing Spring embedded WebApplicationContext
[INFO ] 2021-01-04 10:42:10.257 [main] | [o.s.web.context.ContextLoader.prepareWebApplicationContext:283] Root WebApplicationContext: initialization completed in 4845 ms
[INFO ] 2021-01-04 10:42:11.642 [main] | [o.s.s.c.ThreadPoolTaskExecutor.initialize:171] Initializing ExecutorService 'applicationTaskExecutor'
[INFO ] 2021-01-04 10:42:11.905 [main] | [c.a.d.s.b.a.DruidDataSourceAutoConfigure.dataSource:56] Init DruidDataSource
[INFO ] 2021-01-04 10:42:12.821 [main] | [c.alibaba.druid.pool.DruidDataSource.init:985] {dataSource-1} inited
[INFO ] 2021-01-04 10:42:14.550 [main] | [o.s.b.a.s.s.UserDetailsServiceAutoConfiguration.getOrDeducePassword:82] 

Using generated security password: e4331313-3e40-4688-91db-a7c7845087fa

[INFO ] 2021-01-04 10:42:14.909 [main] | [o.s.s.web.DefaultSecurityFilterChain.<init>:43] Creating filter chain: any request, [org.springframework.security.web.context.request.async.WebAsyncManagerIntegrationFilter@105dc04d, org.springframework.security.web.context.SecurityContextPersistenceFilter@6d3163a6, org.springframework.security.web.header.HeaderWriterFilter@31b741e2, org.springframework.security.web.csrf.CsrfFilter@77a2688d, org.springframework.security.web.authentication.logout.LogoutFilter@75cacb3e, org.springframework.security.web.authentication.UsernamePasswordAuthenticationFilter@2aac8ad7, org.springframework.security.web.authentication.ui.DefaultLoginPageGeneratingFilter@4070ace9, org.springframework.security.web.authentication.ui.DefaultLogoutPageGeneratingFilter@504b8705, org.springframework.security.web.authentication.www.BasicAuthenticationFilter@45c423b3, org.springframework.security.web.savedrequest.RequestCacheAwareFilter@5fdb7394, org.springframework.security.web.servletapi.SecurityContextHolderAwareRequestFilter@a84338a, org.springframework.security.web.authentication.AnonymousAuthenticationFilter@24a8e40d, org.springframework.security.web.session.SessionManagementFilter@28f05b0c, org.springframework.security.web.access.ExceptionTranslationFilter@1846ad0f, org.springframework.security.web.access.intercept.FilterSecurityInterceptor@7e2c6fd6]
[INFO ] 2021-01-04 10:42:15.200 [main] | [io.lettuce.core.EpollProvider.<clinit>:68] Starting without optional epoll library
[INFO ] 2021-01-04 10:42:15.204 [main] | [io.lettuce.core.KqueueProvider.<clinit>:70] Starting without optional kqueue library
[INFO ] 2021-01-04 10:42:16.907 [main] | [o.s.s.a.ScheduledAnnotationBeanPostProcessor.finishRegistration:295] No TaskScheduler/ScheduledExecutorService bean found for scheduled processing
[INFO ] 2021-01-04 10:42:17.013 [main] | [org.xnio.<clinit>:104] XNIO version 3.3.8.Final
[INFO ] 2021-01-04 10:42:17.030 [main] | [org.xnio.nio.<clinit>:55] XNIO NIO Implementation Version 3.3.8.Final
[INFO ] 2021-01-04 10:42:17.098 [main] | [o.s.b.w.e.u.UndertowServletWebServer.start:144] Undertow started on port(s) 8973 (http) with context path ''
[INFO ] 2021-01-04 10:42:17.102 [main] | [c.c.wlz.xzs.LearnANDWantApplication.logStarted:59] Started LearnANDWantApplication in 14.472 seconds (JVM running for 21.498)
[INFO ] 2021-01-04 10:42:25.846 [XNIO-1 task-1] | [io.undertow.servlet.log:364] Initializing Spring DispatcherServlet 'dispatcherServlet'
[INFO ] 2021-01-04 10:42:25.847 [XNIO-1 task-1] | [o.s.web.servlet.DispatcherServlet.initServletBean:524] Initializing Servlet 'dispatcherServlet'
[INFO ] 2021-01-04 10:42:25.865 [XNIO-1 task-1] | [o.s.web.servlet.DispatcherServlet.initServletBean:546] Completed initialization in 17 ms
[INFO ] 2021-01-04 10:42:44.452 [Thread-31] | [c.alibaba.druid.pool.DruidDataSource.close:2032] {dataSource-1} closing ...
[INFO ] 2021-01-04 10:42:44.474 [Thread-31] | [c.alibaba.druid.pool.DruidDataSource.close:2104] {dataSource-1} closed
[INFO ] 2021-01-04 10:42:44.475 [Thread-31] | [o.s.s.c.ThreadPoolTaskExecutor.shutdown:208] Shutting down ExecutorService 'applicationTaskExecutor'
[INFO ] 2021-01-04 10:42:45.626 [Thread-31] | [io.undertow.servlet.log:364] Destroying Spring FrameworkServlet 'dispatcherServlet'
[INFO ] 2021-01-04 12:01:38.406 [main] | [c.c.wlz.xzs.LearnANDWantApplication.logStarting:50] Starting LearnANDWantApplication on DESKTOP-S9KTEIQ with PID 6588 (D:\itcast\WorkSpace\xzs\target\classes started by issuser in D:\itcast\WorkSpace\xzs)
[INFO ] 2021-01-04 12:01:38.411 [main] | [c.c.wlz.xzs.LearnANDWantApplication.logStartupProfileInfo:650] The following profiles are active: dev
[INFO ] 2021-01-04 12:01:39.592 [main] | [o.s.d.r.c.RepositoryConfigurationDelegate.multipleStoresDetected:244] Multiple Spring Data modules found, entering strict repository configuration mode!
[INFO ] 2021-01-04 12:01:39.595 [main] | [o.s.d.r.c.RepositoryConfigurationDelegate.registerRepositoriesIn:126] Bootstrapping Spring Data repositories in DEFAULT mode.
[INFO ] 2021-01-04 12:01:39.653 [main] | [o.s.d.r.c.RepositoryConfigurationDelegate.registerRepositoriesIn:182] Finished Spring Data repository scanning in 37ms. Found 0 repository interfaces.
[INFO ] 2021-01-04 12:01:40.331 [main] | [o.s.c.s.PostProcessorRegistrationDelegate$BeanPostProcessorChecker.postProcessAfterInitialization:330] Bean 'org.springframework.transaction.annotation.ProxyTransactionManagementConfiguration' of type [org.springframework.transaction.annotation.ProxyTransactionManagementConfiguration$$EnhancerBySpringCGLIB$$792d23e0] is not eligible for getting processed by all BeanPostProcessors (for example: not eligible for auto-proxying)
[INFO ] 2021-01-04 12:01:40.423 [main] | [o.s.c.s.PostProcessorRegistrationDelegate$BeanPostProcessorChecker.postProcessAfterInitialization:330] Bean 'spring.datasource.dynamic-com.baomidou.dynamic.datasource.spring.boot.autoconfigure.DynamicDataSourceProperties' of type [com.baomidou.dynamic.datasource.spring.boot.autoconfigure.DynamicDataSourceProperties] is not eligible for getting processed by all BeanPostProcessors (for example: not eligible for auto-proxying)
[INFO ] 2021-01-04 12:01:40.429 [main] | [o.s.c.s.PostProcessorRegistrationDelegate$BeanPostProcessorChecker.postProcessAfterInitialization:330] Bean 'com.baomidou.dynamic.datasource.spring.boot.autoconfigure.DynamicDataSourceAutoConfiguration' of type [com.baomidou.dynamic.datasource.spring.boot.autoconfigure.DynamicDataSourceAutoConfiguration$$EnhancerBySpringCGLIB$$e2bb94b1] is not eligible for getting processed by all BeanPostProcessors (for example: not eligible for auto-proxying)
[INFO ] 2021-01-04 12:01:40.442 [main] | [o.s.c.s.PostProcessorRegistrationDelegate$BeanPostProcessorChecker.postProcessAfterInitialization:330] Bean 'dsProcessor' of type [com.baomidou.dynamic.datasource.processor.DsHeaderProcessor] is not eligible for getting processed by all BeanPostProcessors (for example: not eligible for auto-proxying)
[INFO ] 2021-01-04 12:01:40.481 [main] | [o.s.c.s.PostProcessorRegistrationDelegate$BeanPostProcessorChecker.postProcessAfterInitialization:330] Bean 'cacheConfig' of type [cn.com.wlz.xzs.configuration.spring.cache.CacheConfig$$EnhancerBySpringCGLIB$$fe4d72aa] is not eligible for getting processed by all BeanPostProcessors (for example: not eligible for auto-proxying)
[WARN ] 2021-01-04 12:01:40.928 [main] | [io.undertow.websockets.jsr.handleDeployment:68] UT026010: Buffer pool was not set on WebSocketDeploymentInfo, the default pool will be used
[INFO ] 2021-01-04 12:01:40.960 [main] | [io.undertow.servlet.log:364] Initializing Spring embedded WebApplicationContext
[INFO ] 2021-01-04 12:01:40.961 [main] | [o.s.web.context.ContextLoader.prepareWebApplicationContext:283] Root WebApplicationContext: initialization completed in 2496 ms
[WARN ] 2021-01-04 12:01:41.248 [main] | [o.s.b.w.s.c.AnnotationConfigServletWebServerApplicationContext.refresh:557] Exception encountered during context initialization - cancelling refresh attempt: org.springframework.context.ApplicationContextException: Unable to start web server; nested exception is java.lang.RuntimeException: org.springframework.beans.factory.UnsatisfiedDependencyException: Error creating bean with name 'securityConfigurer.FormLoginWebSecurityConfigurerAdapter' defined in file [D:\itcast\WorkSpace\xzs\target\classes\cn\com\wlz\xzs\configuration\spring\security\SecurityConfigurer$FormLoginWebSecurityConfigurerAdapter.class]: Unsatisfied dependency expressed through constructor parameter 0; nested exception is org.springframework.beans.factory.NoSuchBeanDefinitionException: No qualifying bean of type 'cn.com.wlz.xzs.configuration.property.SystemConfig' available: expected at least 1 bean which qualifies as autowire candidate. Dependency annotations: {}
[INFO ] 2021-01-04 12:01:41.387 [main] | [o.s.b.a.l.ConditionEvaluationReportLoggingListener.logMessage:135] 

Error starting ApplicationContext. To display the conditions report re-run your application with 'debug' enabled.
[INFO ] 2021-01-04 12:06:43.658 [main] | [c.c.wlz.xzs.LearnANDWantApplication.logStarting:50] Starting LearnANDWantApplication on DESKTOP-S9KTEIQ with PID 2504 (D:\itcast\WorkSpace\xzs\target\classes started by issuser in D:\itcast\WorkSpace\xzs)
[INFO ] 2021-01-04 12:06:43.663 [main] | [c.c.wlz.xzs.LearnANDWantApplication.logStartupProfileInfo:650] The following profiles are active: dev
[INFO ] 2021-01-04 12:06:45.149 [main] | [o.s.d.r.c.RepositoryConfigurationDelegate.multipleStoresDetected:244] Multiple Spring Data modules found, entering strict repository configuration mode!
[INFO ] 2021-01-04 12:06:45.152 [main] | [o.s.d.r.c.RepositoryConfigurationDelegate.registerRepositoriesIn:126] Bootstrapping Spring Data repositories in DEFAULT mode.
[INFO ] 2021-01-04 12:06:45.197 [main] | [o.s.d.r.c.RepositoryConfigurationDelegate.registerRepositoriesIn:182] Finished Spring Data repository scanning in 29ms. Found 0 repository interfaces.
[INFO ] 2021-01-04 12:06:45.755 [main] | [o.s.c.s.PostProcessorRegistrationDelegate$BeanPostProcessorChecker.postProcessAfterInitialization:330] Bean 'org.springframework.transaction.annotation.ProxyTransactionManagementConfiguration' of type [org.springframework.transaction.annotation.ProxyTransactionManagementConfiguration$$EnhancerBySpringCGLIB$$3b21134f] is not eligible for getting processed by all BeanPostProcessors (for example: not eligible for auto-proxying)
[INFO ] 2021-01-04 12:06:45.805 [main] | [o.s.c.s.PostProcessorRegistrationDelegate$BeanPostProcessorChecker.postProcessAfterInitialization:330] Bean 'spring.datasource.dynamic-com.baomidou.dynamic.datasource.spring.boot.autoconfigure.DynamicDataSourceProperties' of type [com.baomidou.dynamic.datasource.spring.boot.autoconfigure.DynamicDataSourceProperties] is not eligible for getting processed by all BeanPostProcessors (for example: not eligible for auto-proxying)
[INFO ] 2021-01-04 12:06:45.809 [main] | [o.s.c.s.PostProcessorRegistrationDelegate$BeanPostProcessorChecker.postProcessAfterInitialization:330] Bean 'com.baomidou.dynamic.datasource.spring.boot.autoconfigure.DynamicDataSourceAutoConfiguration' of type [com.baomidou.dynamic.datasource.spring.boot.autoconfigure.DynamicDataSourceAutoConfiguration$$EnhancerBySpringCGLIB$$a4af8420] is not eligible for getting processed by all BeanPostProcessors (for example: not eligible for auto-proxying)
[INFO ] 2021-01-04 12:06:45.817 [main] | [o.s.c.s.PostProcessorRegistrationDelegate$BeanPostProcessorChecker.postProcessAfterInitialization:330] Bean 'dsProcessor' of type [com.baomidou.dynamic.datasource.processor.DsHeaderProcessor] is not eligible for getting processed by all BeanPostProcessors (for example: not eligible for auto-proxying)
[INFO ] 2021-01-04 12:06:45.838 [main] | [o.s.c.s.PostProcessorRegistrationDelegate$BeanPostProcessorChecker.postProcessAfterInitialization:330] Bean 'cacheConfig' of type [cn.com.wlz.xzs.configuration.spring.cache.CacheConfig$$EnhancerBySpringCGLIB$$c0416219] is not eligible for getting processed by all BeanPostProcessors (for example: not eligible for auto-proxying)
[WARN ] 2021-01-04 12:06:46.102 [main] | [io.undertow.websockets.jsr.handleDeployment:68] UT026010: Buffer pool was not set on WebSocketDeploymentInfo, the default pool will be used
[INFO ] 2021-01-04 12:06:46.131 [main] | [io.undertow.servlet.log:364] Initializing Spring embedded WebApplicationContext
[INFO ] 2021-01-04 12:06:46.132 [main] | [o.s.web.context.ContextLoader.prepareWebApplicationContext:283] Root WebApplicationContext: initialization completed in 2329 ms
[WARN ] 2021-01-04 12:06:46.654 [main] | [o.s.b.w.s.c.AnnotationConfigServletWebServerApplicationContext.refresh:557] Exception encountered during context initialization - cancelling refresh attempt: org.springframework.context.ApplicationContextException: Unable to start web server; nested exception is java.lang.RuntimeException: org.springframework.beans.factory.UnsatisfiedDependencyException: Error creating bean with name 'securityConfigurer.FormLoginWebSecurityConfigurerAdapter' defined in file [D:\itcast\WorkSpace\xzs\target\classes\cn\com\wlz\xzs\configuration\spring\security\SecurityConfigurer$FormLoginWebSecurityConfigurerAdapter.class]: Unsatisfied dependency expressed through constructor parameter 0; nested exception is org.springframework.beans.factory.NoSuchBeanDefinitionException: No qualifying bean of type 'cn.com.wlz.xzs.configuration.property.SystemConfig' available: expected at least 1 bean which qualifies as autowire candidate. Dependency annotations: {}
[INFO ] 2021-01-04 12:06:46.798 [main] | [o.s.b.a.l.ConditionEvaluationReportLoggingListener.logMessage:135] 

Error starting ApplicationContext. To display the conditions report re-run your application with 'debug' enabled.
[INFO ] 2021-01-04 12:07:28.039 [main] | [c.c.wlz.xzs.LearnANDWantApplication.logStarting:50] Starting LearnANDWantApplication on DESKTOP-S9KTEIQ with PID 3024 (D:\itcast\WorkSpace\xzs\target\classes started by issuser in D:\itcast\WorkSpace\xzs)
[INFO ] 2021-01-04 12:07:28.045 [main] | [c.c.wlz.xzs.LearnANDWantApplication.logStartupProfileInfo:650] The following profiles are active: dev
[INFO ] 2021-01-04 12:07:29.367 [main] | [o.s.d.r.c.RepositoryConfigurationDelegate.multipleStoresDetected:244] Multiple Spring Data modules found, entering strict repository configuration mode!
[INFO ] 2021-01-04 12:07:29.371 [main] | [o.s.d.r.c.RepositoryConfigurationDelegate.registerRepositoriesIn:126] Bootstrapping Spring Data repositories in DEFAULT mode.
[INFO ] 2021-01-04 12:07:29.426 [main] | [o.s.d.r.c.RepositoryConfigurationDelegate.registerRepositoriesIn:182] Finished Spring Data repository scanning in 37ms. Found 0 repository interfaces.
[INFO ] 2021-01-04 12:07:30.061 [main] | [o.s.c.s.PostProcessorRegistrationDelegate$BeanPostProcessorChecker.postProcessAfterInitialization:330] Bean 'org.springframework.transaction.annotation.ProxyTransactionManagementConfiguration' of type [org.springframework.transaction.annotation.ProxyTransactionManagementConfiguration$$EnhancerBySpringCGLIB$$a0405b25] is not eligible for getting processed by all BeanPostProcessors (for example: not eligible for auto-proxying)
[INFO ] 2021-01-04 12:07:30.101 [main] | [o.s.c.s.PostProcessorRegistrationDelegate$BeanPostProcessorChecker.postProcessAfterInitialization:330] Bean 'spring.datasource.dynamic-com.baomidou.dynamic.datasource.spring.boot.autoconfigure.DynamicDataSourceProperties' of type [com.baomidou.dynamic.datasource.spring.boot.autoconfigure.DynamicDataSourceProperties] is not eligible for getting processed by all BeanPostProcessors (for example: not eligible for auto-proxying)
[INFO ] 2021-01-04 12:07:30.103 [main] | [o.s.c.s.PostProcessorRegistrationDelegate$BeanPostProcessorChecker.postProcessAfterInitialization:330] Bean 'com.baomidou.dynamic.datasource.spring.boot.autoconfigure.DynamicDataSourceAutoConfiguration' of type [com.baomidou.dynamic.datasource.spring.boot.autoconfigure.DynamicDataSourceAutoConfiguration$$EnhancerBySpringCGLIB$$9cecbf6] is not eligible for getting processed by all BeanPostProcessors (for example: not eligible for auto-proxying)
[INFO ] 2021-01-04 12:07:30.110 [main] | [o.s.c.s.PostProcessorRegistrationDelegate$BeanPostProcessorChecker.postProcessAfterInitialization:330] Bean 'dsProcessor' of type [com.baomidou.dynamic.datasource.processor.DsHeaderProcessor] is not eligible for getting processed by all BeanPostProcessors (for example: not eligible for auto-proxying)
[INFO ] 2021-01-04 12:07:30.125 [main] | [o.s.c.s.PostProcessorRegistrationDelegate$BeanPostProcessorChecker.postProcessAfterInitialization:330] Bean 'cacheConfig' of type [cn.com.wlz.xzs.configuration.spring.cache.CacheConfig$$EnhancerBySpringCGLIB$$2560a9ef] is not eligible for getting processed by all BeanPostProcessors (for example: not eligible for auto-proxying)
[WARN ] 2021-01-04 12:07:30.470 [main] | [io.undertow.websockets.jsr.handleDeployment:68] UT026010: Buffer pool was not set on WebSocketDeploymentInfo, the default pool will be used
[INFO ] 2021-01-04 12:07:30.507 [main] | [io.undertow.servlet.log:364] Initializing Spring embedded WebApplicationContext
[INFO ] 2021-01-04 12:07:30.507 [main] | [o.s.web.context.ContextLoader.prepareWebApplicationContext:283] Root WebApplicationContext: initialization completed in 2367 ms
[WARN ] 2021-01-04 12:07:30.848 [main] | [o.s.b.w.s.c.AnnotationConfigServletWebServerApplicationContext.refresh:557] Exception encountered during context initialization - cancelling refresh attempt: org.springframework.context.ApplicationContextException: Unable to start web server; nested exception is java.lang.RuntimeException: org.springframework.beans.factory.UnsatisfiedDependencyException: Error creating bean with name 'securityConfigurer.FormLoginWebSecurityConfigurerAdapter' defined in file [D:\itcast\WorkSpace\xzs\target\classes\cn\com\wlz\xzs\configuration\spring\security\SecurityConfigurer$FormLoginWebSecurityConfigurerAdapter.class]: Unsatisfied dependency expressed through constructor parameter 0; nested exception is org.springframework.beans.factory.NoSuchBeanDefinitionException: No qualifying bean of type 'cn.com.wlz.xzs.configuration.property.SystemConfig' available: expected at least 1 bean which qualifies as autowire candidate. Dependency annotations: {}
[INFO ] 2021-01-04 12:07:31.027 [main] | [o.s.b.a.l.ConditionEvaluationReportLoggingListener.logMessage:135] 

Error starting ApplicationContext. To display the conditions report re-run your application with 'debug' enabled.
[INFO ] 2021-01-04 13:38:37.583 [main] | [c.c.wlz.xzs.LearnANDWantApplication.logStarting:50] Starting LearnANDWantApplication on DESKTOP-S9KTEIQ with PID 14556 (D:\itcast\WorkSpace\xzs\target\classes started by issuser in D:\itcast\WorkSpace\xzs)
[INFO ] 2021-01-04 13:38:37.596 [main] | [c.c.wlz.xzs.LearnANDWantApplication.logStartupProfileInfo:650] The following profiles are active: dev
[INFO ] 2021-01-04 13:38:39.300 [main] | [o.s.d.r.c.RepositoryConfigurationDelegate.multipleStoresDetected:244] Multiple Spring Data modules found, entering strict repository configuration mode!
[INFO ] 2021-01-04 13:38:39.304 [main] | [o.s.d.r.c.RepositoryConfigurationDelegate.registerRepositoriesIn:126] Bootstrapping Spring Data repositories in DEFAULT mode.
[INFO ] 2021-01-04 13:38:39.352 [main] | [o.s.d.r.c.RepositoryConfigurationDelegate.registerRepositoriesIn:182] Finished Spring Data repository scanning in 32ms. Found 0 repository interfaces.
[INFO ] 2021-01-04 13:38:39.929 [main] | [o.s.c.s.PostProcessorRegistrationDelegate$BeanPostProcessorChecker.postProcessAfterInitialization:330] Bean 'org.springframework.transaction.annotation.ProxyTransactionManagementConfiguration' of type [org.springframework.transaction.annotation.ProxyTransactionManagementConfiguration$$EnhancerBySpringCGLIB$$4bef6e2] is not eligible for getting processed by all BeanPostProcessors (for example: not eligible for auto-proxying)
[INFO ] 2021-01-04 13:38:39.966 [main] | [o.s.c.s.PostProcessorRegistrationDelegate$BeanPostProcessorChecker.postProcessAfterInitialization:330] Bean 'spring.datasource.dynamic-com.baomidou.dynamic.datasource.spring.boot.autoconfigure.DynamicDataSourceProperties' of type [com.baomidou.dynamic.datasource.spring.boot.autoconfigure.DynamicDataSourceProperties] is not eligible for getting processed by all BeanPostProcessors (for example: not eligible for auto-proxying)
[INFO ] 2021-01-04 13:38:39.969 [main] | [o.s.c.s.PostProcessorRegistrationDelegate$BeanPostProcessorChecker.postProcessAfterInitialization:330] Bean 'com.baomidou.dynamic.datasource.spring.boot.autoconfigure.DynamicDataSourceAutoConfiguration' of type [com.baomidou.dynamic.datasource.spring.boot.autoconfigure.DynamicDataSourceAutoConfiguration$$EnhancerBySpringCGLIB$$6e4d67b3] is not eligible for getting processed by all BeanPostProcessors (for example: not eligible for auto-proxying)
[INFO ] 2021-01-04 13:38:39.977 [main] | [o.s.c.s.PostProcessorRegistrationDelegate$BeanPostProcessorChecker.postProcessAfterInitialization:330] Bean 'dsProcessor' of type [com.baomidou.dynamic.datasource.processor.DsHeaderProcessor] is not eligible for getting processed by all BeanPostProcessors (for example: not eligible for auto-proxying)
[INFO ] 2021-01-04 13:38:39.992 [main] | [o.s.c.s.PostProcessorRegistrationDelegate$BeanPostProcessorChecker.postProcessAfterInitialization:330] Bean 'cacheConfig' of type [cn.com.wlz.xzs.configuration.spring.cache.CacheConfig$$EnhancerBySpringCGLIB$$89df45ac] is not eligible for getting processed by all BeanPostProcessors (for example: not eligible for auto-proxying)
[WARN ] 2021-01-04 13:38:40.231 [main] | [io.undertow.websockets.jsr.handleDeployment:68] UT026010: Buffer pool was not set on WebSocketDeploymentInfo, the default pool will be used
[INFO ] 2021-01-04 13:38:40.267 [main] | [io.undertow.servlet.log:364] Initializing Spring embedded WebApplicationContext
[INFO ] 2021-01-04 13:38:40.268 [main] | [o.s.web.context.ContextLoader.prepareWebApplicationContext:283] Root WebApplicationContext: initialization completed in 2549 ms
[WARN ] 2021-01-04 13:38:40.565 [main] | [o.s.b.w.s.c.AnnotationConfigServletWebServerApplicationContext.refresh:557] Exception encountered during context initialization - cancelling refresh attempt: org.springframework.context.ApplicationContextException: Unable to start web server; nested exception is java.lang.RuntimeException: org.springframework.beans.factory.UnsatisfiedDependencyException: Error creating bean with name 'securityConfigurer.FormLoginWebSecurityConfigurerAdapter' defined in file [D:\itcast\WorkSpace\xzs\target\classes\cn\com\wlz\xzs\configuration\spring\security\SecurityConfigurer$FormLoginWebSecurityConfigurerAdapter.class]: Unsatisfied dependency expressed through constructor parameter 0; nested exception is org.springframework.beans.factory.NoSuchBeanDefinitionException: No qualifying bean of type 'cn.com.wlz.xzs.configuration.property.SystemConfig' available: expected at least 1 bean which qualifies as autowire candidate. Dependency annotations: {}
[INFO ] 2021-01-04 13:38:40.713 [main] | [o.s.b.a.l.ConditionEvaluationReportLoggingListener.logMessage:135] 

Error starting ApplicationContext. To display the conditions report re-run your application with 'debug' enabled.
[INFO ] 2021-01-04 13:39:16.970 [main] | [c.c.wlz.xzs.LearnANDWantApplication.logStarting:50] Starting LearnANDWantApplication on DESKTOP-S9KTEIQ with PID 11064 (D:\itcast\WorkSpace\xzs\target\classes started by issuser in D:\itcast\WorkSpace\xzs)
[INFO ] 2021-01-04 13:39:16.978 [main] | [c.c.wlz.xzs.LearnANDWantApplication.logStartupProfileInfo:650] The following profiles are active: dev
[INFO ] 2021-01-04 13:39:18.621 [main] | [o.s.d.r.c.RepositoryConfigurationDelegate.multipleStoresDetected:244] Multiple Spring Data modules found, entering strict repository configuration mode!
[INFO ] 2021-01-04 13:39:18.624 [main] | [o.s.d.r.c.RepositoryConfigurationDelegate.registerRepositoriesIn:126] Bootstrapping Spring Data repositories in DEFAULT mode.
[INFO ] 2021-01-04 13:39:18.669 [main] | [o.s.d.r.c.RepositoryConfigurationDelegate.registerRepositoriesIn:182] Finished Spring Data repository scanning in 30ms. Found 0 repository interfaces.
[INFO ] 2021-01-04 13:39:19.227 [main] | [o.s.c.s.PostProcessorRegistrationDelegate$BeanPostProcessorChecker.postProcessAfterInitialization:330] Bean 'org.springframework.transaction.annotation.ProxyTransactionManagementConfiguration' of type [org.springframework.transaction.annotation.ProxyTransactionManagementConfiguration$$EnhancerBySpringCGLIB$$57d3b0b9] is not eligible for getting processed by all BeanPostProcessors (for example: not eligible for auto-proxying)
[INFO ] 2021-01-04 13:39:19.296 [main] | [o.s.c.s.PostProcessorRegistrationDelegate$BeanPostProcessorChecker.postProcessAfterInitialization:330] Bean 'spring.datasource.dynamic-com.baomidou.dynamic.datasource.spring.boot.autoconfigure.DynamicDataSourceProperties' of type [com.baomidou.dynamic.datasource.spring.boot.autoconfigure.DynamicDataSourceProperties] is not eligible for getting processed by all BeanPostProcessors (for example: not eligible for auto-proxying)
[INFO ] 2021-01-04 13:39:19.299 [main] | [o.s.c.s.PostProcessorRegistrationDelegate$BeanPostProcessorChecker.postProcessAfterInitialization:330] Bean 'com.baomidou.dynamic.datasource.spring.boot.autoconfigure.DynamicDataSourceAutoConfiguration' of type [com.baomidou.dynamic.datasource.spring.boot.autoconfigure.DynamicDataSourceAutoConfiguration$$EnhancerBySpringCGLIB$$c162218a] is not eligible for getting processed by all BeanPostProcessors (for example: not eligible for auto-proxying)
[INFO ] 2021-01-04 13:39:19.306 [main] | [o.s.c.s.PostProcessorRegistrationDelegate$BeanPostProcessorChecker.postProcessAfterInitialization:330] Bean 'dsProcessor' of type [com.baomidou.dynamic.datasource.processor.DsHeaderProcessor] is not eligible for getting processed by all BeanPostProcessors (for example: not eligible for auto-proxying)
[INFO ] 2021-01-04 13:39:19.323 [main] | [o.s.c.s.PostProcessorRegistrationDelegate$BeanPostProcessorChecker.postProcessAfterInitialization:330] Bean 'cacheConfig' of type [cn.com.wlz.xzs.configuration.spring.cache.CacheConfig$$EnhancerBySpringCGLIB$$dcf3ff83] is not eligible for getting processed by all BeanPostProcessors (for example: not eligible for auto-proxying)
[WARN ] 2021-01-04 13:39:19.566 [main] | [io.undertow.websockets.jsr.handleDeployment:68] UT026010: Buffer pool was not set on WebSocketDeploymentInfo, the default pool will be used
[INFO ] 2021-01-04 13:39:19.606 [main] | [io.undertow.servlet.log:364] Initializing Spring embedded WebApplicationContext
[INFO ] 2021-01-04 13:39:19.606 [main] | [o.s.web.context.ContextLoader.prepareWebApplicationContext:283] Root WebApplicationContext: initialization completed in 2521 ms
[INFO ] 2021-01-04 13:39:20.182 [main] | [c.a.d.s.b.a.DruidDataSourceAutoConfigure.dataSource:56] Init DruidDataSource
[INFO ] 2021-01-04 13:39:20.636 [main] | [c.alibaba.druid.pool.DruidDataSource.init:985] {dataSource-1} inited
[WARN ] 2021-01-04 13:39:22.454 [main] | [o.s.b.w.s.c.AnnotationConfigServletWebServerApplicationContext.refresh:557] Exception encountered during context initialization - cancelling refresh attempt: org.springframework.context.ApplicationContextException: Unable to start web server; nested exception is java.lang.RuntimeException: org.springframework.beans.factory.UnsatisfiedDependencyException: Error creating bean with name 'securityConfigurer.FormLoginWebSecurityConfigurerAdapter': Unsatisfied dependency expressed through method 'setContentNegotationStrategy' parameter 0; nested exception is org.springframework.beans.factory.UnsatisfiedDependencyException: Error creating bean with name 'webMvcConfiguration' defined in file [D:\itcast\WorkSpace\xzs\target\classes\cn\com\wlz\xzs\configuration\spring\mvc\WebMvcConfiguration.class]: Unsatisfied dependency expressed through constructor parameter 0; nested exception is org.springframework.beans.factory.UnsatisfiedDependencyException: Error creating bean with name 'tokenHandlerInterceptor' defined in file [D:\itcast\WorkSpace\xzs\target\classes\cn\com\wlz\xzs\configuration\spring\wx\TokenHandlerInterceptor.class]: Unsatisfied dependency expressed through constructor parameter 0; nested exception is org.springframework.beans.factory.NoSuchBeanDefinitionException: No qualifying bean of type 'cn.com.wlz.xzs.service.UserTokenService' available: expected at least 1 bean which qualifies as autowire candidate. Dependency annotations: {}
[INFO ] 2021-01-04 13:39:22.455 [main] | [c.alibaba.druid.pool.DruidDataSource.close:2032] {dataSource-1} closing ...
[INFO ] 2021-01-04 13:39:22.467 [main] | [c.alibaba.druid.pool.DruidDataSource.close:2104] {dataSource-1} closed
[INFO ] 2021-01-04 13:39:22.498 [main] | [o.s.b.a.l.ConditionEvaluationReportLoggingListener.logMessage:135] 

Error starting ApplicationContext. To display the conditions report re-run your application with 'debug' enabled.
[INFO ] 2021-01-04 13:39:40.295 [main] | [c.c.wlz.xzs.LearnANDWantApplication.logStarting:50] Starting LearnANDWantApplication on DESKTOP-S9KTEIQ with PID 2060 (D:\itcast\WorkSpace\xzs\target\classes started by issuser in D:\itcast\WorkSpace\xzs)
[INFO ] 2021-01-04 13:39:40.302 [main] | [c.c.wlz.xzs.LearnANDWantApplication.logStartupProfileInfo:650] The following profiles are active: dev
[INFO ] 2021-01-04 13:39:42.023 [main] | [o.s.d.r.c.RepositoryConfigurationDelegate.multipleStoresDetected:244] Multiple Spring Data modules found, entering strict repository configuration mode!
[INFO ] 2021-01-04 13:39:42.026 [main] | [o.s.d.r.c.RepositoryConfigurationDelegate.registerRepositoriesIn:126] Bootstrapping Spring Data repositories in DEFAULT mode.
[INFO ] 2021-01-04 13:39:42.072 [main] | [o.s.d.r.c.RepositoryConfigurationDelegate.registerRepositoriesIn:182] Finished Spring Data repository scanning in 30ms. Found 0 repository interfaces.
[INFO ] 2021-01-04 13:39:42.620 [main] | [o.s.c.s.PostProcessorRegistrationDelegate$BeanPostProcessorChecker.postProcessAfterInitialization:330] Bean 'org.springframework.transaction.annotation.ProxyTransactionManagementConfiguration' of type [org.springframework.transaction.annotation.ProxyTransactionManagementConfiguration$$EnhancerBySpringCGLIB$$92faf043] is not eligible for getting processed by all BeanPostProcessors (for example: not eligible for auto-proxying)
[INFO ] 2021-01-04 13:39:42.661 [main] | [o.s.c.s.PostProcessorRegistrationDelegate$BeanPostProcessorChecker.postProcessAfterInitialization:330] Bean 'spring.datasource.dynamic-com.baomidou.dynamic.datasource.spring.boot.autoconfigure.DynamicDataSourceProperties' of type [com.baomidou.dynamic.datasource.spring.boot.autoconfigure.DynamicDataSourceProperties] is not eligible for getting processed by all BeanPostProcessors (for example: not eligible for auto-proxying)
[INFO ] 2021-01-04 13:39:42.664 [main] | [o.s.c.s.PostProcessorRegistrationDelegate$BeanPostProcessorChecker.postProcessAfterInitialization:330] Bean 'com.baomidou.dynamic.datasource.spring.boot.autoconfigure.DynamicDataSourceAutoConfiguration' of type [com.baomidou.dynamic.datasource.spring.boot.autoconfigure.DynamicDataSourceAutoConfiguration$$EnhancerBySpringCGLIB$$fc896114] is not eligible for getting processed by all BeanPostProcessors (for example: not eligible for auto-proxying)
[INFO ] 2021-01-04 13:39:42.671 [main] | [o.s.c.s.PostProcessorRegistrationDelegate$BeanPostProcessorChecker.postProcessAfterInitialization:330] Bean 'dsProcessor' of type [com.baomidou.dynamic.datasource.processor.DsHeaderProcessor] is not eligible for getting processed by all BeanPostProcessors (for example: not eligible for auto-proxying)
[INFO ] 2021-01-04 13:39:42.686 [main] | [o.s.c.s.PostProcessorRegistrationDelegate$BeanPostProcessorChecker.postProcessAfterInitialization:330] Bean 'cacheConfig' of type [cn.com.wlz.xzs.configuration.spring.cache.CacheConfig$$EnhancerBySpringCGLIB$$181b3f0d] is not eligible for getting processed by all BeanPostProcessors (for example: not eligible for auto-proxying)
[WARN ] 2021-01-04 13:39:42.929 [main] | [io.undertow.websockets.jsr.handleDeployment:68] UT026010: Buffer pool was not set on WebSocketDeploymentInfo, the default pool will be used
[INFO ] 2021-01-04 13:39:42.960 [main] | [io.undertow.servlet.log:364] Initializing Spring embedded WebApplicationContext
[INFO ] 2021-01-04 13:39:42.960 [main] | [o.s.web.context.ContextLoader.prepareWebApplicationContext:283] Root WebApplicationContext: initialization completed in 2509 ms
[INFO ] 2021-01-04 13:39:43.462 [main] | [c.a.d.s.b.a.DruidDataSourceAutoConfigure.dataSource:56] Init DruidDataSource
[INFO ] 2021-01-04 13:39:43.952 [main] | [c.alibaba.druid.pool.DruidDataSource.init:985] {dataSource-1} inited
[WARN ] 2021-01-04 13:39:45.027 [main] | [o.s.b.w.s.c.AnnotationConfigServletWebServerApplicationContext.refresh:557] Exception encountered during context initialization - cancelling refresh attempt: org.springframework.context.ApplicationContextException: Unable to start web server; nested exception is java.lang.RuntimeException: org.springframework.beans.factory.UnsatisfiedDependencyException: Error creating bean with name 'securityConfigurer.FormLoginWebSecurityConfigurerAdapter': Unsatisfied dependency expressed through method 'setContentNegotationStrategy' parameter 0; nested exception is org.springframework.beans.factory.UnsatisfiedDependencyException: Error creating bean with name 'webMvcConfiguration' defined in file [D:\itcast\WorkSpace\xzs\target\classes\cn\com\wlz\xzs\configuration\spring\mvc\WebMvcConfiguration.class]: Unsatisfied dependency expressed through constructor parameter 0; nested exception is org.springframework.beans.factory.UnsatisfiedDependencyException: Error creating bean with name 'tokenHandlerInterceptor' defined in file [D:\itcast\WorkSpace\xzs\target\classes\cn\com\wlz\xzs\configuration\spring\wx\TokenHandlerInterceptor.class]: Unsatisfied dependency expressed through constructor parameter 0; nested exception is org.springframework.beans.factory.NoSuchBeanDefinitionException: No qualifying bean of type 'cn.com.wlz.xzs.service.UserTokenService' available: expected at least 1 bean which qualifies as autowire candidate. Dependency annotations: {}
[INFO ] 2021-01-04 13:39:45.028 [main] | [c.alibaba.druid.pool.DruidDataSource.close:2032] {dataSource-1} closing ...
[INFO ] 2021-01-04 13:39:45.042 [main] | [c.alibaba.druid.pool.DruidDataSource.close:2104] {dataSource-1} closed
[INFO ] 2021-01-04 13:39:45.073 [main] | [o.s.b.a.l.ConditionEvaluationReportLoggingListener.logMessage:135] 

Error starting ApplicationContext. To display the conditions report re-run your application with 'debug' enabled.
[INFO ] 2021-01-04 13:53:38.301 [main] | [c.c.wlz.xzs.LearnANDWantApplication.logStarting:50] Starting LearnANDWantApplication on DESKTOP-S9KTEIQ with PID 12496 (D:\itcast\WorkSpace\xzs\target\classes started by issuser in D:\itcast\WorkSpace\xzs)
[INFO ] 2021-01-04 13:53:38.322 [main] | [c.c.wlz.xzs.LearnANDWantApplication.logStartupProfileInfo:650] The following profiles are active: dev
[INFO ] 2021-01-04 13:53:39.896 [main] | [o.s.d.r.c.RepositoryConfigurationDelegate.multipleStoresDetected:244] Multiple Spring Data modules found, entering strict repository configuration mode!
[INFO ] 2021-01-04 13:53:39.899 [main] | [o.s.d.r.c.RepositoryConfigurationDelegate.registerRepositoriesIn:126] Bootstrapping Spring Data repositories in DEFAULT mode.
[INFO ] 2021-01-04 13:53:39.957 [main] | [o.s.d.r.c.RepositoryConfigurationDelegate.registerRepositoriesIn:182] Finished Spring Data repository scanning in 37ms. Found 0 repository interfaces.
[INFO ] 2021-01-04 13:53:40.652 [main] | [o.s.c.s.PostProcessorRegistrationDelegate$BeanPostProcessorChecker.postProcessAfterInitialization:330] Bean 'org.springframework.transaction.annotation.ProxyTransactionManagementConfiguration' of type [org.springframework.transaction.annotation.ProxyTransactionManagementConfiguration$$EnhancerBySpringCGLIB$$38d49e67] is not eligible for getting processed by all BeanPostProcessors (for example: not eligible for auto-proxying)
[INFO ] 2021-01-04 13:53:40.724 [main] | [o.s.c.s.PostProcessorRegistrationDelegate$BeanPostProcessorChecker.postProcessAfterInitialization:330] Bean 'spring.datasource.dynamic-com.baomidou.dynamic.datasource.spring.boot.autoconfigure.DynamicDataSourceProperties' of type [com.baomidou.dynamic.datasource.spring.boot.autoconfigure.DynamicDataSourceProperties] is not eligible for getting processed by all BeanPostProcessors (for example: not eligible for auto-proxying)
[INFO ] 2021-01-04 13:53:40.729 [main] | [o.s.c.s.PostProcessorRegistrationDelegate$BeanPostProcessorChecker.postProcessAfterInitialization:330] Bean 'com.baomidou.dynamic.datasource.spring.boot.autoconfigure.DynamicDataSourceAutoConfiguration' of type [com.baomidou.dynamic.datasource.spring.boot.autoconfigure.DynamicDataSourceAutoConfiguration$$EnhancerBySpringCGLIB$$a2630f38] is not eligible for getting processed by all BeanPostProcessors (for example: not eligible for auto-proxying)
[INFO ] 2021-01-04 13:53:40.752 [main] | [o.s.c.s.PostProcessorRegistrationDelegate$BeanPostProcessorChecker.postProcessAfterInitialization:330] Bean 'dsProcessor' of type [com.baomidou.dynamic.datasource.processor.DsHeaderProcessor] is not eligible for getting processed by all BeanPostProcessors (for example: not eligible for auto-proxying)
[INFO ] 2021-01-04 13:53:40.803 [main] | [o.s.c.s.PostProcessorRegistrationDelegate$BeanPostProcessorChecker.postProcessAfterInitialization:330] Bean 'cacheConfig' of type [cn.com.wlz.xzs.configuration.spring.cache.CacheConfig$$EnhancerBySpringCGLIB$$bdf4ed31] is not eligible for getting processed by all BeanPostProcessors (for example: not eligible for auto-proxying)
[WARN ] 2021-01-04 13:53:41.285 [main] | [io.undertow.websockets.jsr.handleDeployment:68] UT026010: Buffer pool was not set on WebSocketDeploymentInfo, the default pool will be used
[INFO ] 2021-01-04 13:53:41.319 [main] | [io.undertow.servlet.log:364] Initializing Spring embedded WebApplicationContext
[INFO ] 2021-01-04 13:53:41.320 [main] | [o.s.web.context.ContextLoader.prepareWebApplicationContext:283] Root WebApplicationContext: initialization completed in 2759 ms
[INFO ] 2021-01-04 13:53:42.008 [main] | [c.a.d.s.b.a.DruidDataSourceAutoConfigure.dataSource:56] Init DruidDataSource
[INFO ] 2021-01-04 13:53:42.486 [main] | [c.alibaba.druid.pool.DruidDataSource.init:985] {dataSource-1} inited
[WARN ] 2021-01-04 13:53:43.905 [main] | [o.s.b.w.s.c.AnnotationConfigServletWebServerApplicationContext.refresh:557] Exception encountered during context initialization - cancelling refresh attempt: org.springframework.beans.factory.BeanCreationException: Error creating bean with name 'requestMappingHandlerMapping' defined in class path resource [cn/com/wlz/xzs/configuration/spring/mvc/WebMvcConfiguration.class]: Bean instantiation via factory method failed; nested exception is org.springframework.beans.BeanInstantiationException: Failed to instantiate [org.springframework.web.servlet.mvc.method.annotation.RequestMappingHandlerMapping]: Factory method 'requestMappingHandlerMapping' threw exception; nested exception is java.lang.NullPointerException
[INFO ] 2021-01-04 13:53:43.906 [main] | [c.alibaba.druid.pool.DruidDataSource.close:2032] {dataSource-1} closing ...
[INFO ] 2021-01-04 13:53:43.923 [main] | [c.alibaba.druid.pool.DruidDataSource.close:2104] {dataSource-1} closed
[INFO ] 2021-01-04 13:53:43.961 [main] | [o.s.b.a.l.ConditionEvaluationReportLoggingListener.logMessage:135] 

Error starting ApplicationContext. To display the conditions report re-run your application with 'debug' enabled.
[INFO ] 2021-01-04 13:55:55.112 [main] | [c.c.wlz.xzs.LearnANDWantApplication.logStarting:50] Starting LearnANDWantApplication on DESKTOP-S9KTEIQ with PID 11392 (D:\itcast\WorkSpace\xzs\target\classes started by issuser in D:\itcast\WorkSpace\xzs)
[INFO ] 2021-01-04 13:55:55.120 [main] | [c.c.wlz.xzs.LearnANDWantApplication.logStartupProfileInfo:650] The following profiles are active: dev
[INFO ] 2021-01-04 13:55:56.916 [main] | [o.s.d.r.c.RepositoryConfigurationDelegate.multipleStoresDetected:244] Multiple Spring Data modules found, entering strict repository configuration mode!
[INFO ] 2021-01-04 13:55:56.919 [main] | [o.s.d.r.c.RepositoryConfigurationDelegate.registerRepositoriesIn:126] Bootstrapping Spring Data repositories in DEFAULT mode.
[INFO ] 2021-01-04 13:55:56.968 [main] | [o.s.d.r.c.RepositoryConfigurationDelegate.registerRepositoriesIn:182] Finished Spring Data repository scanning in 33ms. Found 0 repository interfaces.
[INFO ] 2021-01-04 13:55:57.525 [main] | [o.s.c.s.PostProcessorRegistrationDelegate$BeanPostProcessorChecker.postProcessAfterInitialization:330] Bean 'org.springframework.transaction.annotation.ProxyTransactionManagementConfiguration' of type [org.springframework.transaction.annotation.ProxyTransactionManagementConfiguration$$EnhancerBySpringCGLIB$$a9ab3e55] is not eligible for getting processed by all BeanPostProcessors (for example: not eligible for auto-proxying)
[INFO ] 2021-01-04 13:55:57.588 [main] | [o.s.c.s.PostProcessorRegistrationDelegate$BeanPostProcessorChecker.postProcessAfterInitialization:330] Bean 'spring.datasource.dynamic-com.baomidou.dynamic.datasource.spring.boot.autoconfigure.DynamicDataSourceProperties' of type [com.baomidou.dynamic.datasource.spring.boot.autoconfigure.DynamicDataSourceProperties] is not eligible for getting processed by all BeanPostProcessors (for example: not eligible for auto-proxying)
[INFO ] 2021-01-04 13:55:57.591 [main] | [o.s.c.s.PostProcessorRegistrationDelegate$BeanPostProcessorChecker.postProcessAfterInitialization:330] Bean 'com.baomidou.dynamic.datasource.spring.boot.autoconfigure.DynamicDataSourceAutoConfiguration' of type [com.baomidou.dynamic.datasource.spring.boot.autoconfigure.DynamicDataSourceAutoConfiguration$$EnhancerBySpringCGLIB$$1339af26] is not eligible for getting processed by all BeanPostProcessors (for example: not eligible for auto-proxying)
[INFO ] 2021-01-04 13:55:57.598 [main] | [o.s.c.s.PostProcessorRegistrationDelegate$BeanPostProcessorChecker.postProcessAfterInitialization:330] Bean 'dsProcessor' of type [com.baomidou.dynamic.datasource.processor.DsHeaderProcessor] is not eligible for getting processed by all BeanPostProcessors (for example: not eligible for auto-proxying)
[INFO ] 2021-01-04 13:55:57.615 [main] | [o.s.c.s.PostProcessorRegistrationDelegate$BeanPostProcessorChecker.postProcessAfterInitialization:330] Bean 'cacheConfig' of type [cn.com.wlz.xzs.configuration.spring.cache.CacheConfig$$EnhancerBySpringCGLIB$$2ecb8d1f] is not eligible for getting processed by all BeanPostProcessors (for example: not eligible for auto-proxying)
[WARN ] 2021-01-04 13:55:57.947 [main] | [io.undertow.websockets.jsr.handleDeployment:68] UT026010: Buffer pool was not set on WebSocketDeploymentInfo, the default pool will be used
[INFO ] 2021-01-04 13:55:57.980 [main] | [io.undertow.servlet.log:364] Initializing Spring embedded WebApplicationContext
[INFO ] 2021-01-04 13:55:57.980 [main] | [o.s.web.context.ContextLoader.prepareWebApplicationContext:283] Root WebApplicationContext: initialization completed in 2749 ms
[INFO ] 2021-01-04 13:55:58.622 [main] | [c.a.d.s.b.a.DruidDataSourceAutoConfigure.dataSource:56] Init DruidDataSource
[INFO ] 2021-01-04 13:55:59.078 [main] | [c.alibaba.druid.pool.DruidDataSource.init:985] {dataSource-1} inited
[WARN ] 2021-01-04 13:56:00.530 [main] | [o.s.b.w.s.c.AnnotationConfigServletWebServerApplicationContext.refresh:557] Exception encountered during context initialization - cancelling refresh attempt: org.springframework.beans.factory.BeanCreationException: Error creating bean with name 'requestMappingHandlerMapping' defined in class path resource [cn/com/wlz/xzs/configuration/spring/mvc/WebMvcConfiguration.class]: Bean instantiation via factory method failed; nested exception is org.springframework.beans.BeanInstantiationException: Failed to instantiate [org.springframework.web.servlet.mvc.method.annotation.RequestMappingHandlerMapping]: Factory method 'requestMappingHandlerMapping' threw exception; nested exception is java.lang.NullPointerException
[INFO ] 2021-01-04 13:56:00.531 [main] | [c.alibaba.druid.pool.DruidDataSource.close:2032] {dataSource-1} closing ...
[INFO ] 2021-01-04 13:56:00.544 [main] | [c.alibaba.druid.pool.DruidDataSource.close:2104] {dataSource-1} closed
[INFO ] 2021-01-04 13:56:00.575 [main] | [o.s.b.a.l.ConditionEvaluationReportLoggingListener.logMessage:135] 

Error starting ApplicationContext. To display the conditions report re-run your application with 'debug' enabled.
